[debug] [2022-03-21T14:21:29.983Z] ----------------------------------------------------------------------
[debug] [2022-03-21T14:21:29.986Z] Command:       C:\Program Files\nodejs\node.exe C:\Users\Admin\AppData\Roaming\npm\node_modules\firebase-tools\lib\bin\firebase.js init
[debug] [2022-03-21T14:21:29.987Z] CLI Version:   10.4.0
[debug] [2022-03-21T14:21:29.987Z] Platform:      win32
[debug] [2022-03-21T14:21:29.987Z] Node Version:  v16.14.0
[debug] [2022-03-21T14:21:29.988Z] Time:          Mon Mar 21 2022 19:51:29 GMT+0530 (India Standard Time)
[debug] [2022-03-21T14:21:29.988Z] ----------------------------------------------------------------------
[debug] 
[debug] [2022-03-21T14:21:30.003Z] > command requires scopes: ["email","openid","https://www.googleapis.com/auth/cloudplatformprojects.readonly","https://www.googleapis.com/auth/firebase","https://www.googleapis.com/auth/cloud-platform"]
[debug] [2022-03-21T14:21:30.004Z] > authorizing via signed-in user (anas24032003@gmail.com)
[info] 
     ######## #### ########  ######## ########     ###     ######  ########
     ##        ##  ##     ## ##       ##     ##  ##   ##  ##       ##
     ######    ##  ########  ######   ########  #########  ######  ######
     ##        ##  ##    ##  ##       ##     ## ##     ##       ## ##
     ##       #### ##     ## ######## ########  ##     ##  ######  ########

You're about to initialize a Firebase project in this directory:

  C:\My_Projects\inventory

Before we get started, keep in mind:

  * You are currently outside your home directory

[debug] [2022-03-21T14:22:05.086Z] Error: kill ENOSYS
    at process.kill (node:internal/process/per_thread:220:13)
    at process.listener (C:\Users\Admin\AppData\Roaming\npm\node_modules\firebase-tools\node_modules\signal-exit\index.js:95:15)
    at process.emit (node:events:520:28)
[error] 
[error] Error: An unexpected error has occurred.
[debug] [2022-03-21T16:27:29.548Z] ----------------------------------------------------------------------
[debug] [2022-03-21T16:27:29.551Z] Command:       C:\Program Files\nodejs\node.exe C:\Users\Admin\AppData\Roaming\npm\node_modules\firebase-tools\lib\bin\firebase.js init
[debug] [2022-03-21T16:27:29.552Z] CLI Version:   10.4.0
[debug] [2022-03-21T16:27:29.552Z] Platform:      win32
[debug] [2022-03-21T16:27:29.552Z] Node Version:  v16.14.0
[debug] [2022-03-21T16:27:29.557Z] Time:          Mon Mar 21 2022 21:57:29 GMT+0530 (India Standard Time)
[debug] [2022-03-21T16:27:29.557Z] ----------------------------------------------------------------------
[debug] 
[debug] [2022-03-21T16:27:29.570Z] > command requires scopes: ["email","openid","https://www.googleapis.com/auth/cloudplatformprojects.readonly","https://www.googleapis.com/auth/firebase","https://www.googleapis.com/auth/cloud-platform"]
[debug] [2022-03-21T16:27:29.571Z] > authorizing via signed-in user (anas24032003@gmail.com)
[info] 
     ######## #### ########  ######## ########     ###     ######  ########
     ##        ##  ##     ## ##       ##     ##  ##   ##  ##       ##
     ######    ##  ########  ######   ########  #########  ######  ######
     ##        ##  ##    ##  ##       ##     ## ##     ##       ## ##
     ##       #### ##     ## ######## ########  ##     ##  ######  ########

You're about to initialize a Firebase project in this directory:

  C:\My_Projects\inventory

Before we get started, keep in mind:

  * You are currently outside your home directory

[info] 
=== Project Setup
[info] 
[info] First, let's associate this project directory with a Firebase project.
[info] You can create multiple project aliases by running firebase use --add, 
[info] but for now we'll just set up a default project.
[info] 
[debug] [2022-03-21T16:28:32.518Z] > refreshing access token with scopes: []
[debug] [2022-03-21T16:28:32.519Z] >>> HTTP REQUEST POST https://www.googleapis.com/oauth2/v3/token  
 <request body omitted>
[debug] [2022-03-21T16:28:33.543Z] <<< HTTP RESPONSE 200 {"date":"Mon, 21 Mar 2022 16:28:41 GMT","pragma":"no-cache","cache-control":"no-cache, no-store, max-age=0, must-revalidate","expires":"Mon, 01 Jan 1990 00:00:00 GMT","content-type":"application/json; charset=utf-8","vary":"X-Origin, Referer, Origin,Accept-Encoding","server":"scaffolding on HTTPServer2","x-xss-protection":"0","x-frame-options":"SAMEORIGIN","x-content-type-options":"nosniff","alt-svc":"h3=\":443\"; ma=2592000,h3-29=\":443\"; ma=2592000,h3-Q050=\":443\"; ma=2592000,h3-Q046=\":443\"; ma=2592000,h3-Q043=\":443\"; ma=2592000,quic=\":443\"; ma=2592000; v=\"46,43\"","accept-ranges":"none","transfer-encoding":"chunked"}
[debug] [2022-03-21T16:28:33.567Z] >>> [apiv2][query] GET https://firebase.googleapis.com/v1beta1/projects pageSize=100
[debug] [2022-03-21T16:28:34.685Z] <<< [apiv2][status] GET https://firebase.googleapis.com/v1beta1/projects 200
[debug] [2022-03-21T16:28:34.686Z] <<< [apiv2][body] GET https://firebase.googleapis.com/v1beta1/projects [omitted]
[info] i  Using project stocks-app-8efa4 (STOCKS-APP) 
[info] 
=== Hosting Setup
[info] 
[info] Your public directory is the folder (relative to your project directory) that
[info] will contain Hosting assets to be uploaded with firebase deploy. If you
[info] have a build process for your assets, use your build's output directory.
[info] 
[debug] [2022-03-21T16:31:18.700Z] ----------------------------------------------------------------------
[debug] [2022-03-21T16:31:18.702Z] Command:       C:\Program Files\nodejs\node.exe C:\Users\Admin\AppData\Roaming\npm\node_modules\firebase-tools\lib\bin\firebase.js init
[debug] [2022-03-21T16:31:18.703Z] CLI Version:   10.4.0
[debug] [2022-03-21T16:31:18.703Z] Platform:      win32
[debug] [2022-03-21T16:31:18.703Z] Node Version:  v16.14.0
[debug] [2022-03-21T16:31:18.703Z] Time:          Mon Mar 21 2022 22:01:18 GMT+0530 (India Standard Time)
[debug] [2022-03-21T16:31:18.704Z] ----------------------------------------------------------------------
[debug] 
[debug] [2022-03-21T16:31:18.711Z] > command requires scopes: ["email","openid","https://www.googleapis.com/auth/cloudplatformprojects.readonly","https://www.googleapis.com/auth/firebase","https://www.googleapis.com/auth/cloud-platform"]
[debug] [2022-03-21T16:31:18.711Z] > authorizing via signed-in user (anas24032003@gmail.com)
[info] 
     ######## #### ########  ######## ########     ###     ######  ########
     ##        ##  ##     ## ##       ##     ##  ##   ##  ##       ##
     ######    ##  ########  ######   ########  #########  ######  ######
     ##        ##  ##    ##  ##       ##     ## ##     ##       ## ##
     ##       #### ##     ## ######## ########  ##     ##  ######  ########

You're about to initialize a Firebase project in this directory:

  C:\My_Projects\inventory

Before we get started, keep in mind:

  * You are currently outside your home directory

[info] 
=== Project Setup
[info] 
[info] First, let's associate this project directory with a Firebase project.
[info] You can create multiple project aliases by running firebase use --add, 
[info] but for now we'll just set up a default project.
[info] 
[debug] [2022-03-21T16:32:23.763Z] >>> [apiv2][query] GET https://firebase.googleapis.com/v1beta1/projects pageSize=100
[debug] [2022-03-21T16:32:24.904Z] <<< [apiv2][status] GET https://firebase.googleapis.com/v1beta1/projects 200
[debug] [2022-03-21T16:32:24.904Z] <<< [apiv2][body] GET https://firebase.googleapis.com/v1beta1/projects [omitted]
[info] i  Using project stocks-app-8efa4 (STOCKS-APP) 
[info] 
=== Hosting Setup
[info] 
[info] Your public directory is the folder (relative to your project directory) that
[info] will contain Hosting assets to be uploaded with firebase deploy. If you
[info] have a build process for your assets, use your build's output directory.
[info] 
[debug] [2022-03-21T16:33:00.261Z] >>> [apiv2][query] GET https://www.gstatic.com/firebasejs/releases.json [none]
[debug] [2022-03-21T16:33:00.615Z] <<< [apiv2][status] GET https://www.gstatic.com/firebasejs/releases.json 200
[debug] [2022-03-21T16:33:00.616Z] <<< [apiv2][body] GET https://www.gstatic.com/firebasejs/releases.json {"current":{"version":"9.6.9","browserURL":"https://www.gstatic.com/firebasejs/9.6.9/firebase.js","packageURL":"https://www.gstatic.com/firebasejs/9.6.9/firebase.tgz"},"live":{"version":"9.6","browserURL":"https://www.gstatic.com/firebasejs/live/9.6/firebase.js","packageURL":"https://www.gstatic.com/firebasejs/live/9.6/firebase.tgz"},"components":{"analytics":"https://www.gstatic.com/firebasejs/9.6.9/firebase-analytics.js","app":"https://www.gstatic.com/firebasejs/9.6.9/firebase-app.js","app-check":"https://www.gstatic.com/firebasejs/9.6.9/firebase-app-check.js","auth":"https://www.gstatic.com/firebasejs/9.6.9/firebase-auth.js","auth/cordova":"https://www.gstatic.com/firebasejs/9.6.9/firebase-auth/cordova.js","auth/react-native":"https://www.gstatic.com/firebasejs/9.6.9/firebase-auth/react-native.js","functions":"https://www.gstatic.com/firebasejs/9.6.9/firebase-functions.js","firestore":"https://www.gstatic.com/firebasejs/9.6.9/firebase-firestore.js","firestore/lite":"https://www.gstatic.com/firebasejs/9.6.9/firebase-firestore/lite.js","storage":"https://www.gstatic.com/firebasejs/9.6.9/firebase-storage.js","performance":"https://www.gstatic.com/firebasejs/9.6.9/firebase-performance.js","remote-config":"https://www.gstatic.com/firebasejs/9.6.9/firebase-remote-config.js","messaging":"https://www.gstatic.com/firebasejs/9.6.9/firebase-messaging.js","messaging/sw":"https://www.gstatic.com/firebasejs/9.6.9/firebase-messaging/sw.js","database":"https://www.gstatic.com/firebasejs/9.6.9/firebase-database.js","firestore.memory":"https://www.gstatic.com/firebasejs/9.6.9/firebase-firestore.memory.js"}}
[info] +  Wrote y/index.html 
[info] 
[info] i  Detected a .git folder at C:\My_Projects\inventory 
[info] i  Authorizing with GitHub to upload your service account to a GitHub repository's secrets store. 
[info] 
[info] Visit this URL on this device to log in:
[info] https://github.com/login/oauth/authorize?client_id=89cf50f02ac6aaed3484&state=1061694625&redirect_uri=http%3A%2F%2Flocalhost%3A9005&scope=read%3Auser%20repo%20public_repo
[info] 
[info] Waiting for authentication...
[debug] [2022-03-21T16:33:01.663Z] >>> HTTP REQUEST POST https://github.com/login/oauth/access_token  
 {"client_id":"89cf50f02ac6aaed3484","client_secret":"3330d14abc895d9a74d5f17cd7a00711fa2c5bf0","code":"6cdfc75f97d3b8397937","redirect_uri":"http://localhost:9005","state":"1061694625"}
[debug] [2022-03-21T16:33:02.239Z] <<< HTTP RESPONSE 200 {"server":"GitHub.com","date":"Mon, 21 Mar 2022 16:33:09 GMT","content-type":"application/json; charset=utf-8","transfer-encoding":"chunked","vary":"X-PJAX, X-PJAX-Container, Accept-Encoding, Accept, X-Requested-With","permissions-policy":"interest-cohort=()","etag":"W/\"02d7e4fa8fdf0c417b9ce26053f3bf26\"","cache-control":"max-age=0, private, must-revalidate","strict-transport-security":"max-age=31536000; includeSubdomains; preload","x-frame-options":"deny","x-content-type-options":"nosniff","x-xss-protection":"0","referrer-policy":"origin-when-cross-origin, strict-origin-when-cross-origin","expect-ct":"max-age=2592000, report-uri=\"https://api.github.com/_private/browser/errors\"","content-security-policy":"default-src 'none'; base-uri 'self'; block-all-mixed-content; child-src github.com/assets-cdn/worker/ gist.github.com/assets-cdn/worker/; connect-src 'self' uploads.github.com objects-origin.githubusercontent.com www.githubstatus.com collector.githubapp.com collector.github.com api.github.com github-cloud.s3.amazonaws.com github-production-repository-file-5c1aeb.s3.amazonaws.com github-production-upload-manifest-file-7fdce7.s3.amazonaws.com github-production-user-asset-6210df.s3.amazonaws.com cdn.optimizely.com logx.optimizely.com/v1/events translator.github.com wss://alive.github.com; font-src github.githubassets.com; form-action 'self' github.com gist.github.com objects-origin.githubusercontent.com; frame-ancestors 'none'; frame-src render.githubusercontent.com viewscreen.githubusercontent.com notebooks.githubusercontent.com; img-src 'self' data: github.githubassets.com identicons.github.com collector.githubapp.com collector.github.com github-cloud.s3.amazonaws.com secured-user-images.githubusercontent.com/ *.githubusercontent.com; manifest-src 'self'; media-src github.com user-images.githubusercontent.com/; script-src github.githubassets.com; style-src 'unsafe-inline' github.githubassets.com; worker-src github.com/assets-cdn/worker/ gist.github.com/assets-cdn/worker/","x-github-request-id":"E951:403D:1AB8494:1E86B7E:6238A8C5"}
[debug] [2022-03-21T16:33:02.262Z] >>> [apiv2][query] GET https://api.github.com/user [none]
[debug] [2022-03-21T16:33:02.937Z] <<< [apiv2][status] GET https://api.github.com/user 200
[debug] [2022-03-21T16:33:02.937Z] <<< [apiv2][body] GET https://api.github.com/user {"login":"anaskapadia24","id":89132565,"node_id":"MDQ6VXNlcjg5MTMyNTY1","avatar_url":"https://avatars.githubusercontent.com/u/89132565?v=4","gravatar_id":"","url":"https://api.github.com/users/anaskapadia24","html_url":"https://github.com/anaskapadia24","followers_url":"https://api.github.com/users/anaskapadia24/followers","following_url":"https://api.github.com/users/anaskapadia24/following{/other_user}","gists_url":"https://api.github.com/users/anaskapadia24/gists{/gist_id}","starred_url":"https://api.github.com/users/anaskapadia24/starred{/owner}{/repo}","subscriptions_url":"https://api.github.com/users/anaskapadia24/subscriptions","organizations_url":"https://api.github.com/users/anaskapadia24/orgs","repos_url":"https://api.github.com/users/anaskapadia24/repos","events_url":"https://api.github.com/users/anaskapadia24/events{/privacy}","received_events_url":"https://api.github.com/users/anaskapadia24/received_events","type":"User","site_admin":false,"name":"ANAS KAPADIA","company":null,"blog":"","location":null,"email":null,"hireable":null,"bio":"I am diploma student studying in Anjuman Islam Kalsekar Polytechnic Computer Engineering & also I am learning web development training in Hasbasoft Technology","twitter_username":null,"public_repos":5,"public_gists":0,"followers":3,"following":3,"created_at":"2021-08-18T09:32:05Z","updated_at":"2022-02-21T15:16:13Z","private_gists":0,"total_private_repos":0,"owned_private_repos":0,"disk_usage":69345,"collaborators":0,"two_factor_authentication":false,"plan":{"name":"free","space":976562499,"collaborators":0,"private_repos":10000}}
[info] 
[info] +  Success! Logged into GitHub as anaskapadia24 
[info] 
[debug] [2022-03-21T16:35:32.372Z] >>> [apiv2][query] GET https://api.github.com/repos/user/actions/secrets/public-key type=owner
[debug] [2022-03-21T16:35:33.462Z] <<< [apiv2][status] GET https://api.github.com/repos/user/actions/secrets/public-key 404
[debug] [2022-03-21T16:35:33.463Z] <<< [apiv2][body] GET https://api.github.com/repos/user/actions/secrets/public-key {"message":"Not Found","documentation_url":"https://docs.github.com/rest"}
[debug] [2022-03-21T16:35:35.397Z] >>> [apiv2][query] GET https://api.github.com/repos/user/actions/secrets/public-key type=owner
[debug] [2022-03-21T16:35:35.875Z] <<< [apiv2][status] GET https://api.github.com/repos/user/actions/secrets/public-key 404
[debug] [2022-03-21T16:35:35.876Z] <<< [apiv2][body] GET https://api.github.com/repos/user/actions/secrets/public-key {"message":"Not Found","documentation_url":"https://docs.github.com/rest"}
[debug] [2022-03-21T16:35:43.088Z] >>> [apiv2][query] GET https://api.github.com/repos/u/actions/secrets/public-key type=owner
[debug] [2022-03-21T16:35:43.442Z] <<< [apiv2][status] GET https://api.github.com/repos/u/actions/secrets/public-key 404
[debug] [2022-03-21T16:35:43.443Z] <<< [apiv2][body] GET https://api.github.com/repos/u/actions/secrets/public-key {"message":"Not Found","documentation_url":"https://docs.github.com/rest"}
[debug] [2022-03-21T16:35:44.126Z] >>> [apiv2][query] GET https://api.github.com/repos/u/actions/secrets/public-key type=owner
[debug] [2022-03-21T16:35:44.526Z] <<< [apiv2][status] GET https://api.github.com/repos/u/actions/secrets/public-key 404
[debug] [2022-03-21T16:35:44.527Z] <<< [apiv2][body] GET https://api.github.com/repos/u/actions/secrets/public-key {"message":"Not Found","documentation_url":"https://docs.github.com/rest"}
[debug] [2022-03-21T16:35:46.180Z] >>> [apiv2][query] GET https://api.github.com/repos//actions/secrets/public-key type=owner
[debug] [2022-03-21T16:35:46.557Z] <<< [apiv2][status] GET https://api.github.com/repos//actions/secrets/public-key 404
[debug] [2022-03-21T16:35:46.557Z] <<< [apiv2][body] GET https://api.github.com/repos//actions/secrets/public-key {"message":"Not Found","documentation_url":"https://docs.github.com/rest"}
[debug] [2022-03-21T16:35:48.123Z] >>> [apiv2][query] GET https://api.github.com/repos/ /actions/secrets/public-key type=owner
[debug] [2022-03-21T16:35:48.484Z] <<< [apiv2][status] GET https://api.github.com/repos/ /actions/secrets/public-key 404
[debug] [2022-03-21T16:35:48.485Z] <<< [apiv2][body] GET https://api.github.com/repos/ /actions/secrets/public-key {"message":"Not Found","documentation_url":"https://docs.github.com/rest"}
[debug] [2022-03-21T16:35:48.814Z] >>> [apiv2][query] GET https://api.github.com/repos/ /actions/secrets/public-key type=owner
[debug] [2022-03-21T16:35:49.168Z] <<< [apiv2][status] GET https://api.github.com/repos/ /actions/secrets/public-key 404
[debug] [2022-03-21T16:35:49.169Z] <<< [apiv2][body] GET https://api.github.com/repos/ /actions/secrets/public-key {"message":"Not Found","documentation_url":"https://docs.github.com/rest"}
[debug] [2022-03-21T16:35:59.283Z] >>> [apiv2][query] GET https://api.github.com/repos/user/actions/secrets/public-key type=owner
[debug] [2022-03-21T16:35:59.677Z] <<< [apiv2][status] GET https://api.github.com/repos/user/actions/secrets/public-key 404
[debug] [2022-03-21T16:35:59.678Z] <<< [apiv2][body] GET https://api.github.com/repos/user/actions/secrets/public-key {"message":"Not Found","documentation_url":"https://docs.github.com/rest"}
[debug] [2022-03-21T16:36:15.455Z] ----------------------------------------------------------------------
[debug] [2022-03-21T16:36:15.457Z] Command:       C:\Program Files\nodejs\node.exe C:\Users\Admin\AppData\Roaming\npm\node_modules\firebase-tools\lib\bin\firebase.js init
[debug] [2022-03-21T16:36:15.458Z] CLI Version:   10.4.0
[debug] [2022-03-21T16:36:15.458Z] Platform:      win32
[debug] [2022-03-21T16:36:15.458Z] Node Version:  v16.14.0
[debug] [2022-03-21T16:36:15.459Z] Time:          Mon Mar 21 2022 22:06:15 GMT+0530 (India Standard Time)
[debug] [2022-03-21T16:36:15.459Z] ----------------------------------------------------------------------
[debug] 
[debug] [2022-03-21T16:36:15.471Z] > command requires scopes: ["email","openid","https://www.googleapis.com/auth/cloudplatformprojects.readonly","https://www.googleapis.com/auth/firebase","https://www.googleapis.com/auth/cloud-platform"]
[debug] [2022-03-21T16:36:15.472Z] > authorizing via signed-in user (anas24032003@gmail.com)
[info] 
     ######## #### ########  ######## ########     ###     ######  ########
     ##        ##  ##     ## ##       ##     ##  ##   ##  ##       ##
     ######    ##  ########  ######   ########  #########  ######  ######
     ##        ##  ##    ##  ##       ##     ## ##     ##       ## ##
     ##       #### ##     ## ######## ########  ##     ##  ######  ########

You're about to initialize a Firebase project in this directory:

  C:\My_Projects\inventory

Before we get started, keep in mind:

  * You are currently outside your home directory

[info] 
=== Project Setup
[info] 
[info] First, let's associate this project directory with a Firebase project.
[info] You can create multiple project aliases by running firebase use --add, 
[info] but for now we'll just set up a default project.
[info] 
[debug] [2022-03-21T16:36:27.157Z] >>> [apiv2][query] GET https://firebase.googleapis.com/v1beta1/projects pageSize=100
[debug] [2022-03-21T16:36:28.196Z] <<< [apiv2][status] GET https://firebase.googleapis.com/v1beta1/projects 200
[debug] [2022-03-21T16:36:28.196Z] <<< [apiv2][body] GET https://firebase.googleapis.com/v1beta1/projects [omitted]
[info] i  Using project stocks-app-8efa4 (STOCKS-APP) 
[info] 
=== Functions Setup
[info] 
[info] A functions directory will be created in your project with sample code
[info] pre-configured. Functions can be deployed with firebase deploy.
[info] 
[debug] [2022-03-21T16:36:29.636Z] > command requires scopes: ["email","openid","https://www.googleapis.com/auth/cloudplatformprojects.readonly","https://www.googleapis.com/auth/firebase","https://www.googleapis.com/auth/cloud-platform"]
[debug] [2022-03-21T16:36:29.637Z] > authorizing via signed-in user (anas24032003@gmail.com)
[debug] [2022-03-21T16:36:29.637Z] [iam] checking project stocks-app-8efa4 for permissions ["firebase.projects.get"]
[debug] [2022-03-21T16:36:29.637Z] >>> [apiv2][query] POST https://cloudresourcemanager.googleapis.com/v1/projects/stocks-app-8efa4:testIamPermissions [none]
[debug] [2022-03-21T16:36:29.638Z] >>> [apiv2][body] POST https://cloudresourcemanager.googleapis.com/v1/projects/stocks-app-8efa4:testIamPermissions {"permissions":["firebase.projects.get"]}
[debug] [2022-03-21T16:36:31.300Z] <<< [apiv2][status] POST https://cloudresourcemanager.googleapis.com/v1/projects/stocks-app-8efa4:testIamPermissions 200
[debug] [2022-03-21T16:36:31.301Z] <<< [apiv2][body] POST https://cloudresourcemanager.googleapis.com/v1/projects/stocks-app-8efa4:testIamPermissions {"permissions":["firebase.projects.get"]}
[debug] [2022-03-21T16:36:31.304Z] >>> [apiv2][query] GET https://serviceusage.googleapis.com/v1/projects/stocks-app-8efa4/services/cloudfunctions.googleapis.com [none]
[debug] [2022-03-21T16:36:31.308Z] >>> [apiv2][query] GET https://serviceusage.googleapis.com/v1/projects/stocks-app-8efa4/services/runtimeconfig.googleapis.com [none]
[debug] [2022-03-21T16:36:33.334Z] <<< [apiv2][status] GET https://serviceusage.googleapis.com/v1/projects/stocks-app-8efa4/services/cloudfunctions.googleapis.com 200
[debug] [2022-03-21T16:36:33.334Z] <<< [apiv2][body] GET https://serviceusage.googleapis.com/v1/projects/stocks-app-8efa4/services/cloudfunctions.googleapis.com {"name":"projects/297341407314/services/cloudfunctions.googleapis.com","config":{"name":"cloudfunctions.googleapis.com","title":"Cloud Functions API","apis":[{"name":"google.longrunning.Operations","methods":[{"name":"ListOperations"},{"name":"GetOperation"},{"name":"WaitOperation"}],"version":"v1"},{"name":"google.cloud.functions.v2alpha.FunctionService","methods":[{"name":"GetFunction"},{"name":"ListFunctions"},{"name":"CreateFunction"},{"name":"UpdateFunction"},{"name":"DeleteFunction"},{"name":"GenerateUploadUrl"},{"name":"GenerateDownloadUrl"},{"name":"ListRuntimes"}],"version":"v2alpha"},{"name":"google.iam.v1.IAMPolicy","methods":[{"name":"SetIamPolicy"},{"name":"GetIamPolicy"},{"name":"TestIamPermissions"}],"version":"v1"},{"name":"google.cloud.functions.v2beta.FunctionService","methods":[{"name":"GetFunction"},{"name":"ListFunctions"},{"name":"CreateFunction"},{"name":"UpdateFunction"},{"name":"DeleteFunction"},{"name":"GenerateUploadUrl"},{"name":"GenerateDownloadUrl"},{"name":"ListRuntimes"}],"version":"v2beta"},{"name":"google.cloud.functions.v1.CloudFunctionsService","methods":[{"name":"ListFunctions"},{"name":"GetFunction"},{"name":"CreateFunction"},{"name":"UpdateFunction"},{"name":"DeleteFunction"},{"name":"CallFunction"},{"name":"GenerateUploadUrl"},{"name":"GenerateDownloadUrl"},{"name":"SetIamPolicy"},{"name":"GetIamPolicy"},{"name":"TestIamPermissions"}],"version":"v1"},{"name":"google.cloud.location.Locations","methods":[{"name":"ListLocations"}],"version":"v1"},{"name":"google.discovery.Discovery","methods":[{"name":"GetDiscovery"},{"name":"GetDiscoveryRest"}],"version":"v1"}],"documentation":{"summary":"Manages lightweight user-provided functions executed in response to events."},"quota":{"limits":[{"name":"ReadRequestsPerMinutePerProject","metric":"cloudfunctions.googleapis.com/read_requests","unit":"1/min/{project}","values":{"DEFAULT/{billable=true}":"3000","DEFAULT":"300"}},{"name":"WriteRequestsPerMinutePerProject","metric":"cloudfunctions.googleapis.com/write_requests","unit":"1/min/{project}","values":{"DEFAULT/{billable=true}":"50","DEFAULT":"15"}},{"name":"TestCallRequestsPerMinutePerProject","metric":"cloudfunctions.googleapis.com/test_call_requests","unit":"1/min/{project}","values":{"DEFAULT/{billable=true}":"10","DEFAULT":"5"}},{"name":"BuildTimePerDayPerProject","metric":"cloudfunctions.googleapis.com/build_time","unit":"1/d/{project}","values":{"DEFAULT/{billable=true}":"300000","DEFAULT":"12000"}},{"maxLimit":"9223372036854775807","name":"CLIENT_PROJECT-100s","metric":"FunctionCalls-us-east1","unit":"1/100s/{project}","values":{"STANDARD":"9223372036854775807"}},{"description":"CPU allocation for the quota is measured in MHz-seconds (deprecated)","maxLimit":"9223372036854775807","name":"CLIENT_PROJECT-100s","metric":"CPUMilliSeconds-us-east1","unit":"1/100s/{project}","values":{"STANDARD":"9223372036854775807"}},{"maxLimit":"9223372036854775807","name":"CLIENT_PROJECT-100s","metric":"FunctionCalls-us-east4","unit":"1/100s/{project}","values":{"STANDARD":"9223372036854775807"}},{"description":"CPU allocation for the quota is measured in MHz-seconds (deprecated)","maxLimit":"9223372036854775807","name":"CLIENT_PROJECT-100s","metric":"CPUMilliSeconds-us-east4","unit":"1/100s/{project}","values":{"STANDARD":"9223372036854775807"}},{"maxLimit":"9223372036854775807","name":"CLIENT_PROJECT-100s","metric":"FunctionCalls-us-west2","unit":"1/100s/{project}","values":{"STANDARD":"9223372036854775807"}},{"description":"CPU allocation for the quota is measured in MHz-seconds (deprecated)","maxLimit":"9223372036854775807","name":"CLIENT_PROJECT-100s","metric":"CPUMilliSeconds-us-west2","unit":"1/100s/{project}","values":{"STANDARD":"9223372036854775807"}},{"maxLimit":"9223372036854775807","name":"CLIENT_PROJECT-100s","metric":"NetworkIngress-us-west2","unit":"1/100s/{project}","values":{"STANDARD":"9223372036854775807"}},{"maxLimit":"9223372036854775807","name":"CLIENT_PROJECT-100s","metric":"NetworkEgress-us-west2","unit":"1/100s/{project}","values":{"STANDARD":"9223372036854775807"}},{"description":"The number of attempts to establish a TCP connection (deprecated)","maxLimit":"9223372036854775807","name":"CLIENT_PROJECT-100s","metric":"SocketConnect-us-west2","unit":"1/100s/{project}","values":{"STANDARD":"9223372036854775807"}},{"maxLimit":"9223372036854775807","name":"CLIENT_PROJECT-100s","metric":"FunctionCalls-us-west3","unit":"1/100s/{project}","values":{"STANDARD":"9223372036854775807"}},{"description":"CPU allocation for the quota is measured in MHz-seconds (deprecated)","maxLimit":"9223372036854775807","name":"CLIENT_PROJECT-100s","metric":"CPUMilliSeconds-us-west3","unit":"1/100s/{project}","values":{"STANDARD":"9223372036854775807"}},{"maxLimit":"9223372036854775807","name":"CLIENT_PROJECT-100s","metric":"NetworkIngress-us-west3","unit":"1/100s/{project}","values":{"STANDARD":"9223372036854775807"}},{"maxLimit":"9223372036854775807","name":"CLIENT_PROJECT-100s","metric":"NetworkEgress-us-west3","unit":"1/100s/{project}","values":{"STANDARD":"9223372036854775807"}},{"description":"The number of attempts to establish a TCP connection (deprecated)","maxLimit":"9223372036854775807","name":"CLIENT_PROJECT-100s","metric":"SocketConnect-us-west3","unit":"1/100s/{project}","values":{"STANDARD":"9223372036854775807"}},{"maxLimit":"9223372036854775807","name":"CLIENT_PROJECT-100s","metric":"FunctionCalls-us-west4","unit":"1/100s/{project}","values":{"STANDARD":"9223372036854775807"}},{"description":"CPU allocation for the quota is measured in MHz-seconds (deprecated)","maxLimit":"9223372036854775807","name":"CLIENT_PROJECT-100s","metric":"CPUMilliSeconds-us-west4","unit":"1/100s/{project}","values":{"STANDARD":"9223372036854775807"}},{"maxLimit":"9223372036854775807","name":"CLIENT_PROJECT-100s","metric":"NetworkIngress-us-west4","unit":"1/100s/{project}","values":{"STANDARD":"9223372036854775807"}},{"maxLimit":"9223372036854775807","name":"CLIENT_PROJECT-100s","metric":"NetworkEgress-us-west4","unit":"1/100s/{project}","values":{"STANDARD":"9223372036854775807"}},{"description":"The number of attempts to establish a TCP connection","maxLimit":"9223372036854775807","name":"CLIENT_PROJECT-100s","metric":"SocketConnect-us-west4","unit":"1/100s/{project}","values":{"STANDARD":"9223372036854775807"}},{"maxLimit":"9223372036854775807","name":"CLIENT_PROJECT-100s","metric":"FunctionCalls-europe-west1","unit":"1/100s/{project}","values":{"STANDARD":"9223372036854775807"}},{"description":"CPU allocation for the quota is measured in MHz-seconds (deprecated)","maxLimit":"9223372036854775807","name":"CLIENT_PROJECT-100s","metric":"CPUMilliSeconds-europe-west1","unit":"1/100s/{project}","values":{"STANDARD":"9223372036854775807"}},{"maxLimit":"9223372036854775807","name":"CLIENT_PROJECT-100s","metric":"FunctionCalls-europe-west2","unit":"1/100s/{project}","values":{"STANDARD":"9223372036854775807"}},{"description":"CPU allocation for the quota is measured in MHz-seconds (deprecated)","maxLimit":"9223372036854775807","name":"CLIENT_PROJECT-100s","metric":"CPUMilliSeconds-europe-west2","unit":"1/100s/{project}","values":{"STANDARD":"9223372036854775807"}},{"maxLimit":"9223372036854775807","name":"CLIENT_PROJECT-100s","metric":"FunctionCalls-europe-west3","unit":"1/100s/{project}","values":{"STANDARD":"9223372036854775807"}},{"description":"CPU allocation for the quota is measured in MHz-seconds (deprecated)","maxLimit":"9223372036854775807","name":"CLIENT_PROJECT-100s","metric":"CPUMilliSeconds-europe-west3","unit":"1/100s/{project}","values":{"STANDARD":"9223372036854775807"}},{"maxLimit":"9223372036854775807","name":"CLIENT_PROJECT-100s","metric":"FunctionCalls-europe-west4","unit":"1/100s/{project}","values":{"STANDARD":"9223372036854775807"}},{"description":"CPU allocation for the quota is measured in MHz-seconds (deprecated)","maxLimit":"9223372036854775807","name":"CLIENT_PROJECT-100s","metric":"CPUMilliSeconds-europe-west4","unit":"1/100s/{project}","values":{"STANDARD":"9223372036854775807"}},{"maxLimit":"9223372036854775807","name":"CLIENT_PROJECT-100s","metric":"FunctionCalls-europe-west6","unit":"1/100s/{project}","values":{"STANDARD":"9223372036854775807"}},{"description":"CPU allocation for the quota is measured in MHz-seconds (deprecated)","maxLimit":"9223372036854775807","name":"CLIENT_PROJECT-100s","metric":"CPUMilliSeconds-europe-west6","unit":"1/100s/{project}","values":{"STANDARD":"9223372036854775807"}},{"maxLimit":"9223372036854775807","name":"CLIENT_PROJECT-100s","metric":"FunctionCalls-asia-east1","unit":"1/100s/{project}","values":{"STANDARD":"9223372036854775807"}},{"description":"CPU allocation for the quota is measured in MHz-seconds (deprecated)","maxLimit":"9223372036854775807","name":"CLIENT_PROJECT-100s","metric":"CPUMilliSeconds-asia-east1","unit":"1/100s/{project}","values":{"STANDARD":"9223372036854775807"}},{"maxLimit":"9223372036854775807","name":"CLIENT_PROJECT-100s","metric":"FunctionCalls-asia-east2","unit":"1/100s/{project}","values":{"STANDARD":"9223372036854775807"}},{"description":"CPU allocation for the quota is measured in MHz-seconds (deprecated)","maxLimit":"9223372036854775807","name":"CLIENT_PROJECT-100s","metric":"CPUMilliSeconds-asia-east2","unit":"1/100s/{project}","values":{"STANDARD":"9223372036854775807"}},{"maxLimit":"9223372036854775807","name":"CLIENT_PROJECT-100s","metric":"FunctionCalls-asia-northeast1","unit":"1/100s/{project}","values":{"STANDARD":"9223372036854775807"}},{"description":"CPU allocation for the quota is measured in MHz-seconds (deprecated)","maxLimit":"9223372036854775807","name":"CLIENT_PROJECT-100s","metric":"CPUMilliSeconds-asia-northeast1","unit":"1/100s/{project}","values":{"STANDARD":"9223372036854775807"}},{"maxLimit":"9223372036854775807","name":"CLIENT_PROJECT-100s","metric":"FunctionCalls-asia-northeast2","unit":"1/100s/{project}","values":{"STANDARD":"9223372036854775807"}},{"description":"CPU allocation for the quota is measured in MHz-seconds (deprecated)","maxLimit":"9223372036854775807","name":"CLIENT_PROJECT-100s","metric":"CPUMilliSeconds-asia-northeast2","unit":"1/100s/{project}","values":{"STANDARD":"9223372036854775807"}},{"maxLimit":"9223372036854775807","name":"CLIENT_PROJECT-100s","metric":"FunctionCalls-asia-south1","unit":"1/100s/{project}","values":{"STANDARD":"9223372036854775807"}},{"maxLimit":"9223372036854775807","name":"CLIENT_PROJECT-100s","metric":"FunctionCalls-asia-northeast3","unit":"1/100s/{project}","values":{"STANDARD":"9223372036854775807"}},{"description":"CPU allocation for the quota is measured in MHz-seconds (deprecated)","maxLimit":"9223372036854775807","name":"CLIENT_PROJECT-100s","metric":"CPUMilliSeconds-asia-northeast3","unit":"1/100s/{project}","values":{"STANDARD":"9223372036854775807"}},{"maxLimit":"9223372036854775807","name":"CLIENT_PROJECT-100s","metric":"NetworkIngress-asia-northeast3","unit":"1/100s/{project}","values":{"STANDARD":"9223372036854775807"}},{"maxLimit":"9223372036854775807","name":"CLIENT_PROJECT-100s","metric":"NetworkEgress-asia-northeast3","unit":"1/100s/{project}","values":{"STANDARD":"9223372036854775807"}},{"description":"The number of attempts to establish a TCP connection (deprecated)","maxLimit":"9223372036854775807","name":"CLIENT_PROJECT-100s","metric":"SocketConnect-asia-northeast3","unit":"1/100s/{project}","values":{"STANDARD":"9223372036854775807"}},{"description":"CPU allocation for the quota is measured in MHz-seconds (deprecated)","maxLimit":"9223372036854775807","name":"CLIENT_PROJECT-100s","metric":"CPUMilliSeconds-asia-south1","unit":"1/100s/{project}","values":{"STANDARD":"9223372036854775807"}},{"maxLimit":"9223372036854775807","name":"CLIENT_PROJECT-100s","metric":"FunctionCalls-asia-southeast1","unit":"1/100s/{project}","values":{"STANDARD":"9223372036854775807"}},{"description":"CPU allocation for the quota is measured in MHz-seconds (deprecated)","maxLimit":"9223372036854775807","name":"CLIENT_PROJECT-100s","metric":"CPUMilliSeconds-asia-southeast1","unit":"1/100s/{project}","values":{"STANDARD":"9223372036854775807"}},{"maxLimit":"9223372036854775807","name":"CLIENT_PROJECT-100s","metric":"FunctionCalls-northamerica-northeast1","unit":"1/100s/{project}","values":{"STANDARD":"9223372036854775807"}},{"description":"CPU allocation for the quota is measured in MHz-seconds (deprecated)","maxLimit":"9223372036854775807","name":"CLIENT_PROJECT-100s","metric":"CPUMilliSeconds-northamerica-northeast1","unit":"1/100s/{project}","values":{"STANDARD":"9223372036854775807"}},{"maxLimit":"9223372036854775807","name":"CLIENT_PROJECT-100s","metric":"FunctionCalls-southamerica-east1","unit":"1/100s/{project}","values":{"STANDARD":"9223372036854775807"}},{"description":"CPU allocation for the quota is measured in MHz-seconds (deprecated)","maxLimit":"9223372036854775807","name":"CLIENT_PROJECT-100s","metric":"CPUMilliSeconds-southamerica-east1","unit":"1/100s/{project}","values":{"STANDARD":"9223372036854775807"}},{"maxLimit":"9223372036854775807","name":"CLIENT_PROJECT-100s","metric":"FunctionCalls-australia-southeast1","unit":"1/100s/{project}","values":{"STANDARD":"9223372036854775807"}},{"description":"CPU allocation for the quota is measured in MHz-seconds (deprecated)","maxLimit":"9223372036854775807","name":"CLIENT_PROJECT-100s","metric":"CPUMilliSeconds-australia-southeast1","unit":"1/100s/{project}","values":{"STANDARD":"9223372036854775807"}},{"description":"Memory allocation for the quota is measured in MB-milliseconds\n","maxLimit":"-1","name":"CLIENT_PROJECT-100s","metric":"MiByMilliSeconds","unit":"1/100s/{project}","values":{"STANDARD":"-1"}},{"maxLimit":"-1","name":"CLIENT_PROJECT-100s","metric":"HttpRequestData","unit":"1/100s/{project}","values":{"STANDARD":"-1"}},{"maxLimit":"-1","name":"CLIENT_PROJECT-100s","metric":"HttpResponseData","unit":"1/100s/{project}","values":{"STANDARD":"-1"}},{"description":"API requests for listing and reading entities","maxLimit":"10000","name":"CLIENT_PROJECT-1d","metric":"ReadNonbillable","unit":"1/d/{project}","values":{"STANDARD":"10000"}},{"description":"API requests for listing and reading entities (deprecated)","maxLimit":"500","name":"USER-100s","metric":"ReadNonbillable","unit":"1/100s/{project}/{user}","values":{"STANDARD":"500"}},{"description":"API requests for listing and reading entities","maxLimit":"500","name":"CLIENT_PROJECT-100s","metric":"ReadNonbillable","unit":"1/100s/{project}","values":{"STANDARD":"500"}},{"description":"API requests for creating, modifying or deleting functions","maxLimit":"1000","name":"CLIENT_PROJECT-1d","metric":"WriteNonbillable","unit":"1/d/{project}","values":{"STANDARD":"1000"}},{"description":"API requests for creating, modifying or deleting functions (deprecated)","maxLimit":"20","name":"USER-100s","metric":"WriteNonbillable","unit":"1/100s/{project}/{user}","values":{"STANDARD":"20"}},{"description":"API requests for creating, modifying or deleting functions","maxLimit":"20","name":"CLIENT_PROJECT-100s","metric":"WriteNonbillable","unit":"1/100s/{project}","values":{"STANDARD":"20"}},{"description":"API requests for performing a test function invocation","maxLimit":"1000","name":"CLIENT_PROJECT-1d","metric":"TestCallNonbillable","unit":"1/d/{project}","values":{"STANDARD":"1000"}},{"description":"API requests for performing a test function invocation (deprecated)","maxLimit":"10","name":"USER-100s","metric":"TestCallNonbillable","unit":"1/100s/{project}/{user}","values":{"STANDARD":"10"}},{"description":"API requests for performing a test function invocation","maxLimit":"10","name":"CLIENT_PROJECT-100s","metric":"TestCallNonbillable","unit":"1/100s/{project}","values":{"STANDARD":"10"}},{"maxLimit":"5000","name":"CLIENT_PROJECT-1d","metric":"FunctionCallsNonbillable","unit":"1/d/{project}","values":{"STANDARD":"5000"}},{"maxLimit":"50","name":"CLIENT_PROJECT-100s","metric":"FunctionCallsNonbillable","unit":"1/100s/{project}","values":{"STANDARD":"50"}},{"description":"CPU allocation for the quota is measured in MHz-seconds","maxLimit":"1500000","name":"CLIENT_PROJECT-1d","metric":"CPUMilliSecondsNonbillable","unit":"1/d/{project}","values":{"STANDARD":"1500000"}},{"description":"CPU allocation for the quota is measured in MHz-seconds","maxLimit":"100000","name":"CLIENT_PROJECT-100s","metric":"CPUMilliSecondsNonbillable","unit":"1/100s/{project}","values":{"STANDARD":"100000"}},{"description":"CPU allocation for the quota is measured in MHz-seconds","maxLimit":"1500000","name":"CLIENT_PROJECT-1d","metric":"CPUMilliSecondsDailyNonbillable","unit":"1/d/{project}","values":{"STANDARD":"1500000"}},{"maxLimit":"1073741824","name":"CLIENT_PROJECT-1d","metric":"NetworkIngressNonbillable","unit":"1/d/{project}","values":{"STANDARD":"1073741824"}},{"maxLimit":"20971520","name":"CLIENT_PROJECT-100s","metric":"NetworkIngressNonbillable","unit":"1/100s/{project}","values":{"STANDARD":"20971520"}},{"maxLimit":"1073741824","name":"CLIENT_PROJECT-1d","metric":"NetworkEgressNonbillable","unit":"1/d/{project}","values":{"STANDARD":"1073741824"}},{"maxLimit":"20971520","name":"CLIENT_PROJECT-100s","metric":"NetworkEgressNonbillable","unit":"1/100s/{project}","values":{"STANDARD":"20971520"}},{"description":"The number of attempts to establish a TCP connection","maxLimit":"5000","name":"CLIENT_PROJECT-1d","metric":"SocketConnectNonbillable","unit":"1/d/{project}","values":{"STANDARD":"5000"}},{"description":"The number of attempts to establish a TCP connection","maxLimit":"50","name":"CLIENT_PROJECT-100s","metric":"SocketConnectNonbillable","unit":"1/100s/{project}","values":{"STANDARD":"50"}},{"description":"The number of attempts to resolve a domain name","maxLimit":"5000","name":"CLIENT_PROJECT-1d","metric":"DNSResolutionsNonbillable","unit":"1/d/{project}","values":{"STANDARD":"5000"}},{"description":"The number of attempts to resolve a domain name","maxLimit":"50","name":"CLIENT_PROJECT-100s","metric":"DNSResolutionsNonbillable","unit":"1/100s/{project}","values":{"STANDARD":"50"}},{"maxLimit":"12000","name":"CLIENT_PROJECT-1d","metric":"BuildTimeNonbillable","unit":"1/d/{project}","values":{"STANDARD":"12000"}},{"description":"Memory allocation for the quota is measured in MB-milliseconds\n","maxLimit":"1536000000","name":"CLIENT_PROJECT-1d","metric":"MiByMilliSecondsNonbillable","unit":"1/d/{project}","values":{"STANDARD":"1536000000"}},{"description":"Memory allocation for the quota is measured in MB-milliseconds\n","maxLimit":"102400000","name":"CLIENT_PROJECT-100s","metric":"MiByMilliSecondsNonbillable","unit":"1/100s/{project}","values":{"STANDARD":"102400000"}},{"maxLimit":"1073741824","name":"CLIENT_PROJECT-1d","metric":"HttpRequestDataNonbillable","unit":"1/d/{project}","values":{"STANDARD":"1073741824"}},{"maxLimit":"20971520","name":"CLIENT_PROJECT-100s","metric":"HttpRequestDataNonbillable","unit":"1/100s/{project}","values":{"STANDARD":"20971520"}},{"maxLimit":"1073741824","name":"CLIENT_PROJECT-1d","metric":"HttpResponseDataNonbillable","unit":"1/d/{project}","values":{"STANDARD":"1073741824"}},{"maxLimit":"20971520","name":"CLIENT_PROJECT-100s","metric":"HttpResponseDataNonbillable","unit":"1/100s/{project}","values":{"STANDARD":"20971520"}},{"maxLimit":"9223372036854775807","name":"CLIENT_PROJECT-100s","metric":"FunctionCalls-asia-southeast2","unit":"1/100s/{project}","values":{"STANDARD":"9223372036854775807"}},{"description":"CPU allocation for the quota is measured in MHz-seconds (deprecated)","maxLimit":"9223372036854775807","name":"CLIENT_PROJECT-100s","metric":"CPUMilliSeconds-asia-southeast2","unit":"1/100s/{project}","values":{"STANDARD":"9223372036854775807"}},{"maxLimit":"9223372036854775807","name":"CLIENT_PROJECT-100s","metric":"NetworkIngress-asia-southeast2","unit":"1/100s/{project}","values":{"STANDARD":"9223372036854775807"}},{"maxLimit":"9223372036854775807","name":"CLIENT_PROJECT-100s","metric":"NetworkEgress-asia-southeast2","unit":"1/100s/{project}","values":{"STANDARD":"9223372036854775807"}},{"description":"The number of attempts to establish a TCP connection (deprecated)","maxLimit":"9223372036854775807","name":"CLIENT_PROJECT-100s","metric":"SocketConnect-asia-southeast2","unit":"1/100s/{project}","values":{"STANDARD":"9223372036854775807"}}]},"authentication":{"rules":[{"oauth":{"canonicalScopes":"https://www.googleapis.com/auth/cloudfunctions,\nhttps://www.googleapis.com/auth/cloud-platform"}},{"oauth":{"canonicalScopes":"https://www.googleapis.com/auth/cloudfunctions,\nhttps://www.googleapis.com/auth/cloud-platform"}},{"oauth":{"canonicalScopes":"https://www.googleapis.com/auth/cloudfunctions,\nhttps://www.googleapis.com/auth/cloud-platform"}},{"oauth":{"canonicalScopes":"https://www.googleapis.com/auth/cloudfunctions,\nhttps://www.googleapis.com/auth/cloud-platform"}},{"oauth":{"canonicalScopes":"https://www.googleapis.com/auth/cloudfunctions,\nhttps://www.googleapis.com/auth/cloud-platform"}},{"oauth":{"canonicalScopes":"https://www.googleapis.com/auth/cloud-platform"}},{"oauth":{"canonicalScopes":"https://www.googleapis.com/auth/cloud-platform"}},{"oauth":{"canonicalScopes":"https://www.googleapis.com/auth/cloud-platform"}},{"oauth":{"canonicalScopes":"https://www.googleapis.com/auth/cloud-platform"}},{"oauth":{"canonicalScopes":"https://www.googleapis.com/auth/cloud-platform"}},{"oauth":{"canonicalScopes":"https://www.googleapis.com/auth/cloud-platform"}},{"oauth":{"canonicalScopes":"https://www.googleapis.com/auth/cloud-platform"}},{"oauth":{"canonicalScopes":"https://www.googleapis.com/auth/cloud-platform"}},{"oauth":{"canonicalScopes":"https://www.googleapis.com/auth/cloud-platform,"}},{"oauth":{"canonicalScopes":"https://www.googleapis.com/auth/cloudfunctions,\nhttps://www.googleapis.com/auth/cloud-platform"}},{"oauth":{"canonicalScopes":"https://www.googleapis.com/auth/cloudfunctions,\nhttps://www.googleapis.com/auth/cloud-platform"}},{"oauth":{"canonicalScopes":"https://www.googleapis.com/auth/cloud-platform"}},{"oauth":{"canonicalScopes":"https://www.googleapis.com/auth/cloud-platform"}},{"oauth":{"canonicalScopes":"https://www.googleapis.com/auth/cloud-platform"}},{"oauth":{"canonicalScopes":"https://www.googleapis.com/auth/cloud-platform"}},{"oauth":{"canonicalScopes":"https://www.googleapis.com/auth/cloud-platform"}},{"oauth":{"canonicalScopes":"https://www.googleapis.com/auth/cloud-platform"}},{"oauth":{"canonicalScopes":"https://www.googleapis.com/auth/cloud-platform"}},{"oauth":{"canonicalScopes":"https://www.googleapis.com/auth/cloud-platform"}},{"oauth":{"canonicalScopes":"https://www.googleapis.com/auth/cloud-platform"}},{"oauth":{"canonicalScopes":"https://www.googleapis.com/auth/cloud-platform"}},{"oauth":{"canonicalScopes":"https://www.googleapis.com/auth/cloud-platform"}},{"oauth":{"canonicalScopes":"https://www.googleapis.com/auth/cloud-platform"}},{"oauth":{"canonicalScopes":"https://www.googleapis.com/auth/cloud-platform"}},{"oauth":{"canonicalScopes":"https://www.googleapis.com/auth/cloud-platform"}},{"oauth":{"canonicalScopes":"https://www.googleapis.com/auth/cloud-platform"}},{"oauth":{"canonicalScopes":"https://www.googleapis.com/auth/cloud-platform"}},{"oauth":{"canonicalScopes":"https://www.googleapis.com/auth/cloudfunctions,\nhttps://www.googleapis.com/auth/cloud-platform"}},{"oauth":{"canonicalScopes":"https://www.googleapis.com/auth/cloudfunctions,\nhttps://www.googleapis.com/auth/cloud-platform"}},{"oauth":{"canonicalScopes":"https://www.googleapis.com/auth/cloud-platform,"}},{"oauth":{"canonicalScopes":"https://www.googleapis.com/auth/cloud-platform,"}},{"oauth":{"canonicalScopes":"https://www.googleapis.com/auth/cloud-platform,"}},{"oauth":{"canonicalScopes":"https://www.googleapis.com/auth/cloud-platform,"}},{"oauth":{"canonicalScopes":"https://www.googleapis.com/auth/cloud-platform,"}},{"oauth":{"canonicalScopes":"https://www.googleapis.com/auth/cloud-platform,"}},{"oauth":{"canonicalScopes":"https://www.googleapis.com/auth/cloud-platform,"}},{"oauth":{"canonicalScopes":"https://www.googleapis.com/auth/cloudfunctions,\nhttps://www.googleapis.com/auth/cloud-platform"}},{"oauth":{"canonicalScopes":"https://www.googleapis.com/auth/cloudfunctions,\nhttps://www.googleapis.com/auth/cloud-platform"}},{"oauth":{"canonicalScopes":"https://www.googleapis.com/auth/cloudfunctions,\nhttps://www.googleapis.com/auth/cloud-platform"}},{"oauth":{"canonicalScopes":"https://www.googleapis.com/auth/cloudfunctions,\nhttps://www.googleapis.com/auth/cloud-platform"}}]},"usage":{"requirements":["serviceusage.googleapis.com/tos/cloud"]},"endpoints":[{"name":"cloudfunctions.googleapis.com"},{"name":"cloudfunctions.clients6.google.com"},{"name":"content-cloudfunctions.googleapis.com"},{"name":"cloudfunctions.mtls.googleapis.com"},{"name":"cloudfunctions.mtls.clients6.google.com"},{"name":"content-cloudfunctions.mtls.googleapis.com"}],"monitoredResources":[{"type":"cloudfunctions.googleapis.com/function","labels":[{"key":"cloud.googleapis.com/location"},{"key":"cloud.googleapis.com/uid"},{"key":"cloud.googleapis.com/project"},{"key":"cloudfunctions.googleapis.com/function_name"}]},{"type":"serviceruntime.googleapis.com/api","labels":[{"key":"cloud.googleapis.com/location"},{"key":"cloud.googleapis.com/uid"},{"key":"serviceruntime.googleapis.com/api_version"},{"key":"serviceruntime.googleapis.com/api_method"},{"key":"serviceruntime.googleapis.com/consumer_project"},{"key":"cloud.googleapis.com/project"},{"key":"cloud.googleapis.com/service"}]},{"type":"serviceruntime.googleapis.com/consumer_quota","labels":[{"key":"cloud.googleapis.com/location"},{"key":"cloud.googleapis.com/uid"},{"key":"cloud.googleapis.com/service"},{"key":"cloud.googleapis.com/resource_id"},{"key":"cloud.googleapis.com/resource_node"},{"key":"cloud.googleapis.com/quota_metric"},{"key":"cloud.googleapis.com/quota_location"}]},{"type":"serviceruntime.googleapis.com/producer_quota","labels":[{"key":"cloud.googleapis.com/location"},{"key":"cloud.googleapis.com/uid"},{"key":"cloud.googleapis.com/service"},{"key":"cloud.googleapis.com/resource_id"},{"key":"cloud.googleapis.com/resource_node"},{"key":"cloud.googleapis.com/consumer_resource_node"},{"key":"cloud.googleapis.com/quota_metric"},{"key":"cloud.googleapis.com/quota_location"}]}],"monitoring":{"consumerDestinations":[{"monitoredResource":"cloudfunctions.googleapis.com/function","metrics":["cloudfunctions.googleapis.com/function/execution_times","cloudfunctions.googleapis.com/function/execution_count","cloudfunctions.googleapis.com/function/user_memory_bytes","cloudfunctions.googleapis.com/function/network_egress","cloudfunctions.googleapis.com/function/active_instances","cloudfunctions.googleapis.com/function/execution_delays","cloudfunctions.googleapis.com/function/execution_count_internal","cloudfunctions.googleapis.com/function/supervisor_gcu_times","cloudfunctions.googleapis.com/function/supervisor_memory_bytes","cloudfunctions.googleapis.com/function/user_gcu_times","cloudfunctions.googleapis.com/function/supervisor_chemist_rpc_error_count","cloudfunctions.googleapis.com/function/supervisor_controlled_death_count","cloudfunctions.googleapis.com/function/supervisor_report_count","cloudfunctions.googleapis.com/function/supervisor_report_latencies","cloudfunctions.googleapis.com/function/supervisor_phase_latencies"]},{"monitoredResource":"serviceruntime.googleapis.com/api","metrics":["serviceruntime.googleapis.com/api/consumer/request_count","serviceruntime.googleapis.com/api/consumer/error_count","serviceruntime.googleapis.com/api/consumer/quota_used_count","serviceruntime.googleapis.com/api/consumer/quota_refund_count","serviceruntime.googleapis.com/api/consumer/total_latencies","serviceruntime.googleapis.com/api/consumer/request_overhead_latencies","serviceruntime.googleapis.com/api/consumer/backend_latencies","serviceruntime.googleapis.com/api/consumer/request_sizes","serviceruntime.googleapis.com/api/consumer/response_sizes","serviceruntime.googleapis.com/api/consumer/top_request_count_by_end_user","serviceruntime.googleapis.com/api/consumer/top_request_count_by_end_user_country","serviceruntime.googleapis.com/api/consumer/top_request_count_by_referer","serviceruntime.googleapis.com/quota/used","serviceruntime.googleapis.com/quota/limit","serviceruntime.googleapis.com/quota/exceeded","serviceruntime.googleapis.com/allocation/consumer/quota_used_count"]},{"monitoredResource":"serviceruntime.googleapis.com/consumer_quota","metrics":["serviceruntime.googleapis.com/quota/rate/consumer/used_count","serviceruntime.googleapis.com/quota/rate/consumer/refund_count","serviceruntime.googleapis.com/quota/allocation/consumer/usage","serviceruntime.googleapis.com/quota/consumer/limit","serviceruntime.googleapis.com/quota/consumer/exceeded"]}]}},"state":"DISABLED","parent":"projects/297341407314"}
[debug] [2022-03-21T16:36:33.335Z] >>> [apiv2][query] POST https://serviceusage.googleapis.com/v1/projects/stocks-app-8efa4/services/cloudfunctions.googleapis.com:enable [none]
[debug] [2022-03-21T16:36:33.367Z] <<< [apiv2][status] GET https://serviceusage.googleapis.com/v1/projects/stocks-app-8efa4/services/runtimeconfig.googleapis.com 200
[debug] [2022-03-21T16:36:33.367Z] <<< [apiv2][body] GET https://serviceusage.googleapis.com/v1/projects/stocks-app-8efa4/services/runtimeconfig.googleapis.com {"name":"projects/297341407314/services/runtimeconfig.googleapis.com","config":{"name":"runtimeconfig.googleapis.com","title":"Cloud Runtime Configuration API","apis":[{"name":"google.longrunning.Operations","methods":[{"name":"ListOperations"},{"name":"GetOperation"},{"name":"DeleteOperation"},{"name":"CancelOperation"},{"name":"WaitOperation"}],"version":"v1"},{"name":"google.cloud.runtimeconfig.v1beta1.RuntimeConfigManager","methods":[{"name":"ListConfigs"},{"name":"GetConfig"},{"name":"CreateConfig"},{"name":"UpdateConfig"},{"name":"DeleteConfig"},{"name":"ListVariables"},{"name":"GetVariable"},{"name":"WatchVariable"},{"name":"CreateVariable"},{"name":"UpdateVariable"},{"name":"DeleteVariable"},{"name":"ListWaiters"},{"name":"GetWaiter"},{"name":"CreateWaiter"},{"name":"DeleteWaiter"}],"version":"v1beta1"},{"name":"google.discovery.Discovery","methods":[{"name":"GetDiscovery"},{"name":"GetDiscoveryRest"}],"version":"v1"}],"documentation":{"summary":"The Runtime Configurator allows you to dynamically configure and expose variables through Google Cloud Platform. In addition, you can also set Watchers and Waiters that will watch for changes to your data and return based on certain conditions."},"quota":{"limits":[{"name":"ReadsPerMinPerProject","metric":"runtimeconfig.googleapis.com/read_requests","unit":"1/min/{project}","values":{"DEFAULT":"6000"},"displayName":"Reads per minute per project"},{"name":"WritesPerMinPerProject","metric":"runtimeconfig.googleapis.com/write_requests","unit":"1/min/{project}","values":{"DEFAULT":"1200"},"displayName":"Writes per minute per project"},{"name":"WatchesPerMinPerProject","metric":"runtimeconfig.googleapis.com/watch_requests","unit":"1/min/{project}","values":{"DEFAULT":"600"},"displayName":"Watches per minute per project"},{"name":"DeletesPerMinPerProject","metric":"runtimeconfig.googleapis.com/delete_requests","unit":"1/min/{project}","values":{"DEFAULT":"1200"},"displayName":"Deletes per minute per project"},{"name":"resource-byte-quota","metric":"runtimeconfig.googleapis.com/resource_byte_usage","unit":"1/{project}","values":{"DEFAULT":"4194304"},"displayName":"Config Storage Usage"}]},"authentication":{"rules":[{"oauth":{"canonicalScopes":"https://www.googleapis.com/auth/cloud-platform, https://www.googleapis.com/auth/cloudruntimeconfig"}},{"oauth":{"canonicalScopes":"https://www.googleapis.com/auth/cloud-platform, https://www.googleapis.com/auth/cloudruntimeconfig"}},{"oauth":{"canonicalScopes":"https://www.googleapis.com/auth/cloud-platform, https://www.googleapis.com/auth/cloudruntimeconfig"}},{"oauth":{"canonicalScopes":"https://www.googleapis.com/auth/cloud-platform, https://www.googleapis.com/auth/cloudruntimeconfig"}},{"oauth":{"canonicalScopes":"https://www.googleapis.com/auth/cloud-platform, https://www.googleapis.com/auth/cloudruntimeconfig"}},{"oauth":{"canonicalScopes":"https://www.googleapis.com/auth/cloud-platform, https://www.googleapis.com/auth/cloudruntimeconfig"}},{"oauth":{"canonicalScopes":"https://www.googleapis.com/auth/cloud-platform, https://www.googleapis.com/auth/cloudruntimeconfig"}},{"oauth":{"canonicalScopes":"https://www.googleapis.com/auth/cloud-platform, https://www.googleapis.com/auth/cloudruntimeconfig"}},{"oauth":{"canonicalScopes":"https://www.googleapis.com/auth/cloud-platform, https://www.googleapis.com/auth/cloudruntimeconfig"}},{"oauth":{"canonicalScopes":"https://www.googleapis.com/auth/cloud-platform, https://www.googleapis.com/auth/cloudruntimeconfig"}},{"oauth":{"canonicalScopes":"https://www.googleapis.com/auth/cloud-platform, https://www.googleapis.com/auth/cloudruntimeconfig"}},{"oauth":{"canonicalScopes":"https://www.googleapis.com/auth/cloud-platform, https://www.googleapis.com/auth/cloudruntimeconfig"}},{"oauth":{"canonicalScopes":"https://www.googleapis.com/auth/cloud-platform, https://www.googleapis.com/auth/cloudruntimeconfig"}},{"oauth":{"canonicalScopes":"https://www.googleapis.com/auth/cloud-platform, https://www.googleapis.com/auth/cloudruntimeconfig"}},{"oauth":{"canonicalScopes":"https://www.googleapis.com/auth/cloud-platform, https://www.googleapis.com/auth/cloudruntimeconfig"}},{"oauth":{"canonicalScopes":"https://www.googleapis.com/auth/cloud-platform, https://www.googleapis.com/auth/cloudruntimeconfig"}},{"oauth":{"canonicalScopes":"https://www.googleapis.com/auth/cloud-platform, https://www.googleapis.com/auth/cloudruntimeconfig"}},{"oauth":{"canonicalScopes":"https://www.googleapis.com/auth/cloud-platform, https://www.googleapis.com/auth/cloudruntimeconfig"}},{"oauth":{"canonicalScopes":"https://www.googleapis.com/auth/cloud-platform, https://www.googleapis.com/auth/cloudruntimeconfig"}},{"oauth":{"canonicalScopes":"https://www.googleapis.com/auth/cloud-platform, https://www.googleapis.com/auth/cloudruntimeconfig"}},{"oauth":{"canonicalScopes":"https://www.googleapis.com/auth/cloud-platform, https://www.googleapis.com/auth/cloudruntimeconfig"}},{"oauth":{"canonicalScopes":"https://www.googleapis.com/auth/cloud-platform, https://www.googleapis.com/auth/cloudruntimeconfig"}},{"oauth":{"canonicalScopes":"https://www.googleapis.com/auth/cloud-platform, https://www.googleapis.com/auth/cloudruntimeconfig"}}]},"usage":{"requirements":["serviceusage.googleapis.com/tos/cloud"]},"endpoints":[{"name":"runtimeconfig.googleapis.com"},{"name":"runtimeconfig.clients6.google.com"},{"name":"content-runtimeconfig.googleapis.com"},{"name":"runtimeconfig.mtls.googleapis.com"},{"name":"runtimeconfig.mtls.clients6.google.com"},{"name":"content-runtimeconfig.mtls.googleapis.com"}],"monitoring":{}},"state":"ENABLED","parent":"projects/297341407314"}
[debug] [2022-03-21T16:36:35.309Z] <<< [apiv2][status] POST https://serviceusage.googleapis.com/v1/projects/stocks-app-8efa4/services/cloudfunctions.googleapis.com:enable 200
[debug] [2022-03-21T16:36:35.309Z] <<< [apiv2][body] POST https://serviceusage.googleapis.com/v1/projects/stocks-app-8efa4/services/cloudfunctions.googleapis.com:enable {"name":"operations/acf.p2-297341407314-afbb9ac5-0181-4759-99b0-3266ea2e1851"}
[debug] [2022-03-21T16:36:45.330Z] >>> [apiv2][query] GET https://serviceusage.googleapis.com/v1/projects/stocks-app-8efa4/services/cloudfunctions.googleapis.com [none]
[debug] [2022-03-21T16:36:47.183Z] <<< [apiv2][status] GET https://serviceusage.googleapis.com/v1/projects/stocks-app-8efa4/services/cloudfunctions.googleapis.com 200
[debug] [2022-03-21T16:36:47.184Z] <<< [apiv2][body] GET https://serviceusage.googleapis.com/v1/projects/stocks-app-8efa4/services/cloudfunctions.googleapis.com {"name":"projects/297341407314/services/cloudfunctions.googleapis.com","config":{"name":"cloudfunctions.googleapis.com","title":"Cloud Functions API","apis":[{"name":"google.longrunning.Operations","methods":[{"name":"ListOperations"},{"name":"GetOperation"},{"name":"WaitOperation"}],"version":"v1"},{"name":"google.cloud.functions.v2alpha.FunctionService","methods":[{"name":"GetFunction"},{"name":"ListFunctions"},{"name":"CreateFunction"},{"name":"UpdateFunction"},{"name":"DeleteFunction"},{"name":"GenerateUploadUrl"},{"name":"GenerateDownloadUrl"},{"name":"ListRuntimes"}],"version":"v2alpha"},{"name":"google.iam.v1.IAMPolicy","methods":[{"name":"SetIamPolicy"},{"name":"GetIamPolicy"},{"name":"TestIamPermissions"}],"version":"v1"},{"name":"google.cloud.functions.v2beta.FunctionService","methods":[{"name":"GetFunction"},{"name":"ListFunctions"},{"name":"CreateFunction"},{"name":"UpdateFunction"},{"name":"DeleteFunction"},{"name":"GenerateUploadUrl"},{"name":"GenerateDownloadUrl"},{"name":"ListRuntimes"}],"version":"v2beta"},{"name":"google.cloud.functions.v1.CloudFunctionsService","methods":[{"name":"ListFunctions"},{"name":"GetFunction"},{"name":"CreateFunction"},{"name":"UpdateFunction"},{"name":"DeleteFunction"},{"name":"CallFunction"},{"name":"GenerateUploadUrl"},{"name":"GenerateDownloadUrl"},{"name":"SetIamPolicy"},{"name":"GetIamPolicy"},{"name":"TestIamPermissions"}],"version":"v1"},{"name":"google.cloud.location.Locations","methods":[{"name":"ListLocations"}],"version":"v1"},{"name":"google.discovery.Discovery","methods":[{"name":"GetDiscovery"},{"name":"GetDiscoveryRest"}],"version":"v1"}],"documentation":{"summary":"Manages lightweight user-provided functions executed in response to events."},"quota":{"limits":[{"name":"ReadRequestsPerMinutePerProject","metric":"cloudfunctions.googleapis.com/read_requests","unit":"1/min/{project}","values":{"DEFAULT/{billable=true}":"3000","DEFAULT":"300"}},{"name":"WriteRequestsPerMinutePerProject","metric":"cloudfunctions.googleapis.com/write_requests","unit":"1/min/{project}","values":{"DEFAULT/{billable=true}":"50","DEFAULT":"15"}},{"name":"TestCallRequestsPerMinutePerProject","metric":"cloudfunctions.googleapis.com/test_call_requests","unit":"1/min/{project}","values":{"DEFAULT/{billable=true}":"10","DEFAULT":"5"}},{"name":"BuildTimePerDayPerProject","metric":"cloudfunctions.googleapis.com/build_time","unit":"1/d/{project}","values":{"DEFAULT/{billable=true}":"300000","DEFAULT":"12000"}},{"maxLimit":"9223372036854775807","name":"CLIENT_PROJECT-100s","metric":"FunctionCalls-us-east1","unit":"1/100s/{project}","values":{"STANDARD":"9223372036854775807"}},{"description":"CPU allocation for the quota is measured in MHz-seconds (deprecated)","maxLimit":"9223372036854775807","name":"CLIENT_PROJECT-100s","metric":"CPUMilliSeconds-us-east1","unit":"1/100s/{project}","values":{"STANDARD":"9223372036854775807"}},{"maxLimit":"9223372036854775807","name":"CLIENT_PROJECT-100s","metric":"FunctionCalls-us-east4","unit":"1/100s/{project}","values":{"STANDARD":"9223372036854775807"}},{"description":"CPU allocation for the quota is measured in MHz-seconds (deprecated)","maxLimit":"9223372036854775807","name":"CLIENT_PROJECT-100s","metric":"CPUMilliSeconds-us-east4","unit":"1/100s/{project}","values":{"STANDARD":"9223372036854775807"}},{"maxLimit":"9223372036854775807","name":"CLIENT_PROJECT-100s","metric":"FunctionCalls-us-west2","unit":"1/100s/{project}","values":{"STANDARD":"9223372036854775807"}},{"description":"CPU allocation for the quota is measured in MHz-seconds (deprecated)","maxLimit":"9223372036854775807","name":"CLIENT_PROJECT-100s","metric":"CPUMilliSeconds-us-west2","unit":"1/100s/{project}","values":{"STANDARD":"9223372036854775807"}},{"maxLimit":"9223372036854775807","name":"CLIENT_PROJECT-100s","metric":"NetworkIngress-us-west2","unit":"1/100s/{project}","values":{"STANDARD":"9223372036854775807"}},{"maxLimit":"9223372036854775807","name":"CLIENT_PROJECT-100s","metric":"NetworkEgress-us-west2","unit":"1/100s/{project}","values":{"STANDARD":"9223372036854775807"}},{"description":"The number of attempts to establish a TCP connection (deprecated)","maxLimit":"9223372036854775807","name":"CLIENT_PROJECT-100s","metric":"SocketConnect-us-west2","unit":"1/100s/{project}","values":{"STANDARD":"9223372036854775807"}},{"maxLimit":"9223372036854775807","name":"CLIENT_PROJECT-100s","metric":"FunctionCalls-us-west3","unit":"1/100s/{project}","values":{"STANDARD":"9223372036854775807"}},{"description":"CPU allocation for the quota is measured in MHz-seconds (deprecated)","maxLimit":"9223372036854775807","name":"CLIENT_PROJECT-100s","metric":"CPUMilliSeconds-us-west3","unit":"1/100s/{project}","values":{"STANDARD":"9223372036854775807"}},{"maxLimit":"9223372036854775807","name":"CLIENT_PROJECT-100s","metric":"NetworkIngress-us-west3","unit":"1/100s/{project}","values":{"STANDARD":"9223372036854775807"}},{"maxLimit":"9223372036854775807","name":"CLIENT_PROJECT-100s","metric":"NetworkEgress-us-west3","unit":"1/100s/{project}","values":{"STANDARD":"9223372036854775807"}},{"description":"The number of attempts to establish a TCP connection (deprecated)","maxLimit":"9223372036854775807","name":"CLIENT_PROJECT-100s","metric":"SocketConnect-us-west3","unit":"1/100s/{project}","values":{"STANDARD":"9223372036854775807"}},{"maxLimit":"9223372036854775807","name":"CLIENT_PROJECT-100s","metric":"FunctionCalls-us-west4","unit":"1/100s/{project}","values":{"STANDARD":"9223372036854775807"}},{"description":"CPU allocation for the quota is measured in MHz-seconds (deprecated)","maxLimit":"9223372036854775807","name":"CLIENT_PROJECT-100s","metric":"CPUMilliSeconds-us-west4","unit":"1/100s/{project}","values":{"STANDARD":"9223372036854775807"}},{"maxLimit":"9223372036854775807","name":"CLIENT_PROJECT-100s","metric":"NetworkIngress-us-west4","unit":"1/100s/{project}","values":{"STANDARD":"9223372036854775807"}},{"maxLimit":"9223372036854775807","name":"CLIENT_PROJECT-100s","metric":"NetworkEgress-us-west4","unit":"1/100s/{project}","values":{"STANDARD":"9223372036854775807"}},{"description":"The number of attempts to establish a TCP connection","maxLimit":"9223372036854775807","name":"CLIENT_PROJECT-100s","metric":"SocketConnect-us-west4","unit":"1/100s/{project}","values":{"STANDARD":"9223372036854775807"}},{"maxLimit":"9223372036854775807","name":"CLIENT_PROJECT-100s","metric":"FunctionCalls-europe-west1","unit":"1/100s/{project}","values":{"STANDARD":"9223372036854775807"}},{"description":"CPU allocation for the quota is measured in MHz-seconds (deprecated)","maxLimit":"9223372036854775807","name":"CLIENT_PROJECT-100s","metric":"CPUMilliSeconds-europe-west1","unit":"1/100s/{project}","values":{"STANDARD":"9223372036854775807"}},{"maxLimit":"9223372036854775807","name":"CLIENT_PROJECT-100s","metric":"FunctionCalls-europe-west2","unit":"1/100s/{project}","values":{"STANDARD":"9223372036854775807"}},{"description":"CPU allocation for the quota is measured in MHz-seconds (deprecated)","maxLimit":"9223372036854775807","name":"CLIENT_PROJECT-100s","metric":"CPUMilliSeconds-europe-west2","unit":"1/100s/{project}","values":{"STANDARD":"9223372036854775807"}},{"maxLimit":"9223372036854775807","name":"CLIENT_PROJECT-100s","metric":"FunctionCalls-europe-west3","unit":"1/100s/{project}","values":{"STANDARD":"9223372036854775807"}},{"description":"CPU allocation for the quota is measured in MHz-seconds (deprecated)","maxLimit":"9223372036854775807","name":"CLIENT_PROJECT-100s","metric":"CPUMilliSeconds-europe-west3","unit":"1/100s/{project}","values":{"STANDARD":"9223372036854775807"}},{"maxLimit":"9223372036854775807","name":"CLIENT_PROJECT-100s","metric":"FunctionCalls-europe-west4","unit":"1/100s/{project}","values":{"STANDARD":"9223372036854775807"}},{"description":"CPU allocation for the quota is measured in MHz-seconds (deprecated)","maxLimit":"9223372036854775807","name":"CLIENT_PROJECT-100s","metric":"CPUMilliSeconds-europe-west4","unit":"1/100s/{project}","values":{"STANDARD":"9223372036854775807"}},{"maxLimit":"9223372036854775807","name":"CLIENT_PROJECT-100s","metric":"FunctionCalls-europe-west6","unit":"1/100s/{project}","values":{"STANDARD":"9223372036854775807"}},{"description":"CPU allocation for the quota is measured in MHz-seconds (deprecated)","maxLimit":"9223372036854775807","name":"CLIENT_PROJECT-100s","metric":"CPUMilliSeconds-europe-west6","unit":"1/100s/{project}","values":{"STANDARD":"9223372036854775807"}},{"maxLimit":"9223372036854775807","name":"CLIENT_PROJECT-100s","metric":"FunctionCalls-asia-east1","unit":"1/100s/{project}","values":{"STANDARD":"9223372036854775807"}},{"description":"CPU allocation for the quota is measured in MHz-seconds (deprecated)","maxLimit":"9223372036854775807","name":"CLIENT_PROJECT-100s","metric":"CPUMilliSeconds-asia-east1","unit":"1/100s/{project}","values":{"STANDARD":"9223372036854775807"}},{"maxLimit":"9223372036854775807","name":"CLIENT_PROJECT-100s","metric":"FunctionCalls-asia-east2","unit":"1/100s/{project}","values":{"STANDARD":"9223372036854775807"}},{"description":"CPU allocation for the quota is measured in MHz-seconds (deprecated)","maxLimit":"9223372036854775807","name":"CLIENT_PROJECT-100s","metric":"CPUMilliSeconds-asia-east2","unit":"1/100s/{project}","values":{"STANDARD":"9223372036854775807"}},{"maxLimit":"9223372036854775807","name":"CLIENT_PROJECT-100s","metric":"FunctionCalls-asia-northeast1","unit":"1/100s/{project}","values":{"STANDARD":"9223372036854775807"}},{"description":"CPU allocation for the quota is measured in MHz-seconds (deprecated)","maxLimit":"9223372036854775807","name":"CLIENT_PROJECT-100s","metric":"CPUMilliSeconds-asia-northeast1","unit":"1/100s/{project}","values":{"STANDARD":"9223372036854775807"}},{"maxLimit":"9223372036854775807","name":"CLIENT_PROJECT-100s","metric":"FunctionCalls-asia-northeast2","unit":"1/100s/{project}","values":{"STANDARD":"9223372036854775807"}},{"description":"CPU allocation for the quota is measured in MHz-seconds (deprecated)","maxLimit":"9223372036854775807","name":"CLIENT_PROJECT-100s","metric":"CPUMilliSeconds-asia-northeast2","unit":"1/100s/{project}","values":{"STANDARD":"9223372036854775807"}},{"maxLimit":"9223372036854775807","name":"CLIENT_PROJECT-100s","metric":"FunctionCalls-asia-south1","unit":"1/100s/{project}","values":{"STANDARD":"9223372036854775807"}},{"maxLimit":"9223372036854775807","name":"CLIENT_PROJECT-100s","metric":"FunctionCalls-asia-northeast3","unit":"1/100s/{project}","values":{"STANDARD":"9223372036854775807"}},{"description":"CPU allocation for the quota is measured in MHz-seconds (deprecated)","maxLimit":"9223372036854775807","name":"CLIENT_PROJECT-100s","metric":"CPUMilliSeconds-asia-northeast3","unit":"1/100s/{project}","values":{"STANDARD":"9223372036854775807"}},{"maxLimit":"9223372036854775807","name":"CLIENT_PROJECT-100s","metric":"NetworkIngress-asia-northeast3","unit":"1/100s/{project}","values":{"STANDARD":"9223372036854775807"}},{"maxLimit":"9223372036854775807","name":"CLIENT_PROJECT-100s","metric":"NetworkEgress-asia-northeast3","unit":"1/100s/{project}","values":{"STANDARD":"9223372036854775807"}},{"description":"The number of attempts to establish a TCP connection (deprecated)","maxLimit":"9223372036854775807","name":"CLIENT_PROJECT-100s","metric":"SocketConnect-asia-northeast3","unit":"1/100s/{project}","values":{"STANDARD":"9223372036854775807"}},{"description":"CPU allocation for the quota is measured in MHz-seconds (deprecated)","maxLimit":"9223372036854775807","name":"CLIENT_PROJECT-100s","metric":"CPUMilliSeconds-asia-south1","unit":"1/100s/{project}","values":{"STANDARD":"9223372036854775807"}},{"maxLimit":"9223372036854775807","name":"CLIENT_PROJECT-100s","metric":"FunctionCalls-asia-southeast1","unit":"1/100s/{project}","values":{"STANDARD":"9223372036854775807"}},{"description":"CPU allocation for the quota is measured in MHz-seconds (deprecated)","maxLimit":"9223372036854775807","name":"CLIENT_PROJECT-100s","metric":"CPUMilliSeconds-asia-southeast1","unit":"1/100s/{project}","values":{"STANDARD":"9223372036854775807"}},{"maxLimit":"9223372036854775807","name":"CLIENT_PROJECT-100s","metric":"FunctionCalls-northamerica-northeast1","unit":"1/100s/{project}","values":{"STANDARD":"9223372036854775807"}},{"description":"CPU allocation for the quota is measured in MHz-seconds (deprecated)","maxLimit":"9223372036854775807","name":"CLIENT_PROJECT-100s","metric":"CPUMilliSeconds-northamerica-northeast1","unit":"1/100s/{project}","values":{"STANDARD":"9223372036854775807"}},{"maxLimit":"9223372036854775807","name":"CLIENT_PROJECT-100s","metric":"FunctionCalls-southamerica-east1","unit":"1/100s/{project}","values":{"STANDARD":"9223372036854775807"}},{"description":"CPU allocation for the quota is measured in MHz-seconds (deprecated)","maxLimit":"9223372036854775807","name":"CLIENT_PROJECT-100s","metric":"CPUMilliSeconds-southamerica-east1","unit":"1/100s/{project}","values":{"STANDARD":"9223372036854775807"}},{"maxLimit":"9223372036854775807","name":"CLIENT_PROJECT-100s","metric":"FunctionCalls-australia-southeast1","unit":"1/100s/{project}","values":{"STANDARD":"9223372036854775807"}},{"description":"CPU allocation for the quota is measured in MHz-seconds (deprecated)","maxLimit":"9223372036854775807","name":"CLIENT_PROJECT-100s","metric":"CPUMilliSeconds-australia-southeast1","unit":"1/100s/{project}","values":{"STANDARD":"9223372036854775807"}},{"description":"Memory allocation for the quota is measured in MB-milliseconds\n","maxLimit":"-1","name":"CLIENT_PROJECT-100s","metric":"MiByMilliSeconds","unit":"1/100s/{project}","values":{"STANDARD":"-1"}},{"maxLimit":"-1","name":"CLIENT_PROJECT-100s","metric":"HttpRequestData","unit":"1/100s/{project}","values":{"STANDARD":"-1"}},{"maxLimit":"-1","name":"CLIENT_PROJECT-100s","metric":"HttpResponseData","unit":"1/100s/{project}","values":{"STANDARD":"-1"}},{"description":"API requests for listing and reading entities","maxLimit":"10000","name":"CLIENT_PROJECT-1d","metric":"ReadNonbillable","unit":"1/d/{project}","values":{"STANDARD":"10000"}},{"description":"API requests for listing and reading entities (deprecated)","maxLimit":"500","name":"USER-100s","metric":"ReadNonbillable","unit":"1/100s/{project}/{user}","values":{"STANDARD":"500"}},{"description":"API requests for listing and reading entities","maxLimit":"500","name":"CLIENT_PROJECT-100s","metric":"ReadNonbillable","unit":"1/100s/{project}","values":{"STANDARD":"500"}},{"description":"API requests for creating, modifying or deleting functions","maxLimit":"1000","name":"CLIENT_PROJECT-1d","metric":"WriteNonbillable","unit":"1/d/{project}","values":{"STANDARD":"1000"}},{"description":"API requests for creating, modifying or deleting functions (deprecated)","maxLimit":"20","name":"USER-100s","metric":"WriteNonbillable","unit":"1/100s/{project}/{user}","values":{"STANDARD":"20"}},{"description":"API requests for creating, modifying or deleting functions","maxLimit":"20","name":"CLIENT_PROJECT-100s","metric":"WriteNonbillable","unit":"1/100s/{project}","values":{"STANDARD":"20"}},{"description":"API requests for performing a test function invocation","maxLimit":"1000","name":"CLIENT_PROJECT-1d","metric":"TestCallNonbillable","unit":"1/d/{project}","values":{"STANDARD":"1000"}},{"description":"API requests for performing a test function invocation (deprecated)","maxLimit":"10","name":"USER-100s","metric":"TestCallNonbillable","unit":"1/100s/{project}/{user}","values":{"STANDARD":"10"}},{"description":"API requests for performing a test function invocation","maxLimit":"10","name":"CLIENT_PROJECT-100s","metric":"TestCallNonbillable","unit":"1/100s/{project}","values":{"STANDARD":"10"}},{"maxLimit":"5000","name":"CLIENT_PROJECT-1d","metric":"FunctionCallsNonbillable","unit":"1/d/{project}","values":{"STANDARD":"5000"}},{"maxLimit":"50","name":"CLIENT_PROJECT-100s","metric":"FunctionCallsNonbillable","unit":"1/100s/{project}","values":{"STANDARD":"50"}},{"description":"CPU allocation for the quota is measured in MHz-seconds","maxLimit":"1500000","name":"CLIENT_PROJECT-1d","metric":"CPUMilliSecondsNonbillable","unit":"1/d/{project}","values":{"STANDARD":"1500000"}},{"description":"CPU allocation for the quota is measured in MHz-seconds","maxLimit":"100000","name":"CLIENT_PROJECT-100s","metric":"CPUMilliSecondsNonbillable","unit":"1/100s/{project}","values":{"STANDARD":"100000"}},{"description":"CPU allocation for the quota is measured in MHz-seconds","maxLimit":"1500000","name":"CLIENT_PROJECT-1d","metric":"CPUMilliSecondsDailyNonbillable","unit":"1/d/{project}","values":{"STANDARD":"1500000"}},{"maxLimit":"1073741824","name":"CLIENT_PROJECT-1d","metric":"NetworkIngressNonbillable","unit":"1/d/{project}","values":{"STANDARD":"1073741824"}},{"maxLimit":"20971520","name":"CLIENT_PROJECT-100s","metric":"NetworkIngressNonbillable","unit":"1/100s/{project}","values":{"STANDARD":"20971520"}},{"maxLimit":"1073741824","name":"CLIENT_PROJECT-1d","metric":"NetworkEgressNonbillable","unit":"1/d/{project}","values":{"STANDARD":"1073741824"}},{"maxLimit":"20971520","name":"CLIENT_PROJECT-100s","metric":"NetworkEgressNonbillable","unit":"1/100s/{project}","values":{"STANDARD":"20971520"}},{"description":"The number of attempts to establish a TCP connection","maxLimit":"5000","name":"CLIENT_PROJECT-1d","metric":"SocketConnectNonbillable","unit":"1/d/{project}","values":{"STANDARD":"5000"}},{"description":"The number of attempts to establish a TCP connection","maxLimit":"50","name":"CLIENT_PROJECT-100s","metric":"SocketConnectNonbillable","unit":"1/100s/{project}","values":{"STANDARD":"50"}},{"description":"The number of attempts to resolve a domain name","maxLimit":"5000","name":"CLIENT_PROJECT-1d","metric":"DNSResolutionsNonbillable","unit":"1/d/{project}","values":{"STANDARD":"5000"}},{"description":"The number of attempts to resolve a domain name","maxLimit":"50","name":"CLIENT_PROJECT-100s","metric":"DNSResolutionsNonbillable","unit":"1/100s/{project}","values":{"STANDARD":"50"}},{"maxLimit":"12000","name":"CLIENT_PROJECT-1d","metric":"BuildTimeNonbillable","unit":"1/d/{project}","values":{"STANDARD":"12000"}},{"description":"Memory allocation for the quota is measured in MB-milliseconds\n","maxLimit":"1536000000","name":"CLIENT_PROJECT-1d","metric":"MiByMilliSecondsNonbillable","unit":"1/d/{project}","values":{"STANDARD":"1536000000"}},{"description":"Memory allocation for the quota is measured in MB-milliseconds\n","maxLimit":"102400000","name":"CLIENT_PROJECT-100s","metric":"MiByMilliSecondsNonbillable","unit":"1/100s/{project}","values":{"STANDARD":"102400000"}},{"maxLimit":"1073741824","name":"CLIENT_PROJECT-1d","metric":"HttpRequestDataNonbillable","unit":"1/d/{project}","values":{"STANDARD":"1073741824"}},{"maxLimit":"20971520","name":"CLIENT_PROJECT-100s","metric":"HttpRequestDataNonbillable","unit":"1/100s/{project}","values":{"STANDARD":"20971520"}},{"maxLimit":"1073741824","name":"CLIENT_PROJECT-1d","metric":"HttpResponseDataNonbillable","unit":"1/d/{project}","values":{"STANDARD":"1073741824"}},{"maxLimit":"20971520","name":"CLIENT_PROJECT-100s","metric":"HttpResponseDataNonbillable","unit":"1/100s/{project}","values":{"STANDARD":"20971520"}},{"maxLimit":"9223372036854775807","name":"CLIENT_PROJECT-100s","metric":"FunctionCalls-asia-southeast2","unit":"1/100s/{project}","values":{"STANDARD":"9223372036854775807"}},{"description":"CPU allocation for the quota is measured in MHz-seconds (deprecated)","maxLimit":"9223372036854775807","name":"CLIENT_PROJECT-100s","metric":"CPUMilliSeconds-asia-southeast2","unit":"1/100s/{project}","values":{"STANDARD":"9223372036854775807"}},{"maxLimit":"9223372036854775807","name":"CLIENT_PROJECT-100s","metric":"NetworkIngress-asia-southeast2","unit":"1/100s/{project}","values":{"STANDARD":"9223372036854775807"}},{"maxLimit":"9223372036854775807","name":"CLIENT_PROJECT-100s","metric":"NetworkEgress-asia-southeast2","unit":"1/100s/{project}","values":{"STANDARD":"9223372036854775807"}},{"description":"The number of attempts to establish a TCP connection (deprecated)","maxLimit":"9223372036854775807","name":"CLIENT_PROJECT-100s","metric":"SocketConnect-asia-southeast2","unit":"1/100s/{project}","values":{"STANDARD":"9223372036854775807"}}]},"authentication":{"rules":[{"oauth":{"canonicalScopes":"https://www.googleapis.com/auth/cloudfunctions,\nhttps://www.googleapis.com/auth/cloud-platform"}},{"oauth":{"canonicalScopes":"https://www.googleapis.com/auth/cloudfunctions,\nhttps://www.googleapis.com/auth/cloud-platform"}},{"oauth":{"canonicalScopes":"https://www.googleapis.com/auth/cloudfunctions,\nhttps://www.googleapis.com/auth/cloud-platform"}},{"oauth":{"canonicalScopes":"https://www.googleapis.com/auth/cloudfunctions,\nhttps://www.googleapis.com/auth/cloud-platform"}},{"oauth":{"canonicalScopes":"https://www.googleapis.com/auth/cloudfunctions,\nhttps://www.googleapis.com/auth/cloud-platform"}},{"oauth":{"canonicalScopes":"https://www.googleapis.com/auth/cloud-platform"}},{"oauth":{"canonicalScopes":"https://www.googleapis.com/auth/cloud-platform"}},{"oauth":{"canonicalScopes":"https://www.googleapis.com/auth/cloud-platform"}},{"oauth":{"canonicalScopes":"https://www.googleapis.com/auth/cloud-platform"}},{"oauth":{"canonicalScopes":"https://www.googleapis.com/auth/cloud-platform"}},{"oauth":{"canonicalScopes":"https://www.googleapis.com/auth/cloud-platform"}},{"oauth":{"canonicalScopes":"https://www.googleapis.com/auth/cloud-platform"}},{"oauth":{"canonicalScopes":"https://www.googleapis.com/auth/cloud-platform"}},{"oauth":{"canonicalScopes":"https://www.googleapis.com/auth/cloud-platform,"}},{"oauth":{"canonicalScopes":"https://www.googleapis.com/auth/cloudfunctions,\nhttps://www.googleapis.com/auth/cloud-platform"}},{"oauth":{"canonicalScopes":"https://www.googleapis.com/auth/cloudfunctions,\nhttps://www.googleapis.com/auth/cloud-platform"}},{"oauth":{"canonicalScopes":"https://www.googleapis.com/auth/cloud-platform"}},{"oauth":{"canonicalScopes":"https://www.googleapis.com/auth/cloud-platform"}},{"oauth":{"canonicalScopes":"https://www.googleapis.com/auth/cloud-platform"}},{"oauth":{"canonicalScopes":"https://www.googleapis.com/auth/cloud-platform"}},{"oauth":{"canonicalScopes":"https://www.googleapis.com/auth/cloud-platform"}},{"oauth":{"canonicalScopes":"https://www.googleapis.com/auth/cloud-platform"}},{"oauth":{"canonicalScopes":"https://www.googleapis.com/auth/cloud-platform"}},{"oauth":{"canonicalScopes":"https://www.googleapis.com/auth/cloud-platform"}},{"oauth":{"canonicalScopes":"https://www.googleapis.com/auth/cloud-platform"}},{"oauth":{"canonicalScopes":"https://www.googleapis.com/auth/cloud-platform"}},{"oauth":{"canonicalScopes":"https://www.googleapis.com/auth/cloud-platform"}},{"oauth":{"canonicalScopes":"https://www.googleapis.com/auth/cloud-platform"}},{"oauth":{"canonicalScopes":"https://www.googleapis.com/auth/cloud-platform"}},{"oauth":{"canonicalScopes":"https://www.googleapis.com/auth/cloud-platform"}},{"oauth":{"canonicalScopes":"https://www.googleapis.com/auth/cloud-platform"}},{"oauth":{"canonicalScopes":"https://www.googleapis.com/auth/cloud-platform"}},{"oauth":{"canonicalScopes":"https://www.googleapis.com/auth/cloudfunctions,\nhttps://www.googleapis.com/auth/cloud-platform"}},{"oauth":{"canonicalScopes":"https://www.googleapis.com/auth/cloudfunctions,\nhttps://www.googleapis.com/auth/cloud-platform"}},{"oauth":{"canonicalScopes":"https://www.googleapis.com/auth/cloud-platform,"}},{"oauth":{"canonicalScopes":"https://www.googleapis.com/auth/cloud-platform,"}},{"oauth":{"canonicalScopes":"https://www.googleapis.com/auth/cloud-platform,"}},{"oauth":{"canonicalScopes":"https://www.googleapis.com/auth/cloud-platform,"}},{"oauth":{"canonicalScopes":"https://www.googleapis.com/auth/cloud-platform,"}},{"oauth":{"canonicalScopes":"https://www.googleapis.com/auth/cloud-platform,"}},{"oauth":{"canonicalScopes":"https://www.googleapis.com/auth/cloud-platform,"}},{"oauth":{"canonicalScopes":"https://www.googleapis.com/auth/cloudfunctions,\nhttps://www.googleapis.com/auth/cloud-platform"}},{"oauth":{"canonicalScopes":"https://www.googleapis.com/auth/cloudfunctions,\nhttps://www.googleapis.com/auth/cloud-platform"}},{"oauth":{"canonicalScopes":"https://www.googleapis.com/auth/cloudfunctions,\nhttps://www.googleapis.com/auth/cloud-platform"}},{"oauth":{"canonicalScopes":"https://www.googleapis.com/auth/cloudfunctions,\nhttps://www.googleapis.com/auth/cloud-platform"}}]},"usage":{"requirements":["serviceusage.googleapis.com/tos/cloud"]},"endpoints":[{"name":"cloudfunctions.googleapis.com"},{"name":"cloudfunctions.clients6.google.com"},{"name":"content-cloudfunctions.googleapis.com"},{"name":"cloudfunctions.mtls.googleapis.com"},{"name":"cloudfunctions.mtls.clients6.google.com"},{"name":"content-cloudfunctions.mtls.googleapis.com"}],"monitoredResources":[{"type":"cloudfunctions.googleapis.com/function","labels":[{"key":"cloud.googleapis.com/location"},{"key":"cloud.googleapis.com/uid"},{"key":"cloud.googleapis.com/project"},{"key":"cloudfunctions.googleapis.com/function_name"}]},{"type":"serviceruntime.googleapis.com/api","labels":[{"key":"cloud.googleapis.com/location"},{"key":"cloud.googleapis.com/uid"},{"key":"serviceruntime.googleapis.com/api_version"},{"key":"serviceruntime.googleapis.com/api_method"},{"key":"serviceruntime.googleapis.com/consumer_project"},{"key":"cloud.googleapis.com/project"},{"key":"cloud.googleapis.com/service"}]},{"type":"serviceruntime.googleapis.com/consumer_quota","labels":[{"key":"cloud.googleapis.com/location"},{"key":"cloud.googleapis.com/uid"},{"key":"cloud.googleapis.com/service"},{"key":"cloud.googleapis.com/resource_id"},{"key":"cloud.googleapis.com/resource_node"},{"key":"cloud.googleapis.com/quota_metric"},{"key":"cloud.googleapis.com/quota_location"}]},{"type":"serviceruntime.googleapis.com/producer_quota","labels":[{"key":"cloud.googleapis.com/location"},{"key":"cloud.googleapis.com/uid"},{"key":"cloud.googleapis.com/service"},{"key":"cloud.googleapis.com/resource_id"},{"key":"cloud.googleapis.com/resource_node"},{"key":"cloud.googleapis.com/consumer_resource_node"},{"key":"cloud.googleapis.com/quota_metric"},{"key":"cloud.googleapis.com/quota_location"}]}],"monitoring":{"consumerDestinations":[{"monitoredResource":"cloudfunctions.googleapis.com/function","metrics":["cloudfunctions.googleapis.com/function/execution_times","cloudfunctions.googleapis.com/function/execution_count","cloudfunctions.googleapis.com/function/user_memory_bytes","cloudfunctions.googleapis.com/function/network_egress","cloudfunctions.googleapis.com/function/active_instances","cloudfunctions.googleapis.com/function/execution_delays","cloudfunctions.googleapis.com/function/execution_count_internal","cloudfunctions.googleapis.com/function/supervisor_gcu_times","cloudfunctions.googleapis.com/function/supervisor_memory_bytes","cloudfunctions.googleapis.com/function/user_gcu_times","cloudfunctions.googleapis.com/function/supervisor_chemist_rpc_error_count","cloudfunctions.googleapis.com/function/supervisor_controlled_death_count","cloudfunctions.googleapis.com/function/supervisor_report_count","cloudfunctions.googleapis.com/function/supervisor_report_latencies","cloudfunctions.googleapis.com/function/supervisor_phase_latencies"]},{"monitoredResource":"serviceruntime.googleapis.com/api","metrics":["serviceruntime.googleapis.com/api/consumer/request_count","serviceruntime.googleapis.com/api/consumer/error_count","serviceruntime.googleapis.com/api/consumer/quota_used_count","serviceruntime.googleapis.com/api/consumer/quota_refund_count","serviceruntime.googleapis.com/api/consumer/total_latencies","serviceruntime.googleapis.com/api/consumer/request_overhead_latencies","serviceruntime.googleapis.com/api/consumer/backend_latencies","serviceruntime.googleapis.com/api/consumer/request_sizes","serviceruntime.googleapis.com/api/consumer/response_sizes","serviceruntime.googleapis.com/api/consumer/top_request_count_by_end_user","serviceruntime.googleapis.com/api/consumer/top_request_count_by_end_user_country","serviceruntime.googleapis.com/api/consumer/top_request_count_by_referer","serviceruntime.googleapis.com/quota/used","serviceruntime.googleapis.com/quota/limit","serviceruntime.googleapis.com/quota/exceeded","serviceruntime.googleapis.com/allocation/consumer/quota_used_count"]},{"monitoredResource":"serviceruntime.googleapis.com/consumer_quota","metrics":["serviceruntime.googleapis.com/quota/rate/consumer/used_count","serviceruntime.googleapis.com/quota/rate/consumer/refund_count","serviceruntime.googleapis.com/quota/allocation/consumer/usage","serviceruntime.googleapis.com/quota/consumer/limit","serviceruntime.googleapis.com/quota/consumer/exceeded"]}]}},"state":"ENABLED","parent":"projects/297341407314"}
[info] +  Wrote functions/package.json 
[info] +  Wrote functions/index.js 
[info] +  Wrote functions/.gitignore 
[debug] [2022-03-21T16:37:17.680Z] Error: kill ENOSYS
    at process.kill (node:internal/process/per_thread:220:13)
    at process.listener (C:\Users\Admin\AppData\Roaming\npm\node_modules\firebase-tools\node_modules\signal-exit\index.js:95:15)
    at process.emit (node:events:520:28)
[error] 
[error] Error: An unexpected error has occurred.
